<?xml version="1.0" encoding="UTF-8"?>
<testsuites>
	<testsuite errors="0" failures="0" file=".py" name="RunCase-20200610170535" skipped="0" tests="1" time="0.179" timestamp="2020-06-10T17:05:36">
		<testcase classname="RunCase" file="app_task\extend\task_run.py" line="27" name="test_file_data_json_00001" time="0.179" timestamp="2020-06-10T17:05:36">
			<system-out>
<![CDATA[进入到api=3的条件当中--------》3333
cookies---------> {'sessionid': 'rrvbsfa4mzgjib40bqo422d8fm3dcuu5'}
]]>			</system-out>
			<system-err>
<![CDATA[]]>			</system-err>
		</testcase>
	</testsuite>
</testsuites>
