<?xml version="1.0" encoding="UTF-8"?>
<testsuites>
	<testsuite errors="0" failures="0" file=".py" name="RunCase-20200602104152" skipped="0" tests="2" time="1.280" timestamp="2020-06-02T10:41:53">
		<testcase classname="RunCase" file="app_task\extend\task_run.py" line="12" name="test_file_data_json_00001" time="0.790" timestamp="2020-06-02T10:41:52">
			<system-out>
<![CDATA[]]>			</system-out>
			<system-err>
<![CDATA[]]>			</system-err>
		</testcase>
		<testcase classname="RunCase" file="app_task\extend\task_run.py" line="12" name="test_file_data_json_00002" time="0.490" timestamp="2020-06-02T10:41:53">
			<system-out>
<![CDATA[]]>			</system-out>
			<system-err>
<![CDATA[]]>			</system-err>
		</testcase>
	</testsuite>
</testsuites>
